<?xml version="1.0" encoding="UTF-8"?>
<testng-results ignored="0" total="1" passed="1" failed="0" skipped="0">
  <reporter-output>
  </reporter-output>
  <suite started-at="2025-11-12T15:54:17 IST" name="Default suite" finished-at="2025-11-12T15:54:19 IST" duration-ms="1800">
    <groups>
    </groups>
    <test started-at="2025-11-12T15:54:17 IST" name="Default test" finished-at="2025-11-12T15:54:19 IST" duration-ms="1800">
      <class name="com.api.Tests.LoginTest">
        <test-method signature="testLogin()[pri:0, instance:com.api.Tests.LoginTest@36916eb0]" started-at="2025-11-12T15:54:17 IST" name="testLogin" description="verify if login api is working..." finished-at="2025-11-12T15:54:19 IST" duration-ms="1756" status="PASS">
          <reporter-output>
          </reporter-output>
        </test-method> <!-- testLogin -->
      </class> <!-- com.api.Tests.LoginTest -->
    </test> <!-- Default test -->
  </suite> <!-- Default suite -->
</testng-results>
